<?xml version="1.0" encoding="UTF-8"?>
<testsuite name="FirstSpecification" tests="8" skipped="0" failures="0" errors="0" timestamp="2021-12-01T21:38:40" hostname="DESKTOP-JV0I9G3" time="0.695">
  <properties/>
  <testcase name="one plus one should equal two" classname="FirstSpecification" time="0.447"/>
  <testcase name="two plus two should equal four" classname="FirstSpecification" time="0.004"/>
  <testcase name="Should be able to remove from list" classname="FirstSpecification" time="0.066"/>
  <testcase name="Should get an index out of bounds when removing a non?existent item" classname="FirstSpecification" time="0.011"/>
  <testcase name="numbers to the power of two [a: 1, b: 2, c: 1, #0]" classname="FirstSpecification" time="0.005"/>
  <testcase name="numbers to the power of two [a: 2, b: 2, c: 4, #1]" classname="FirstSpecification" time="0.001"/>
  <testcase name="numbers to the power of two [a: 3, b: 2, c: 9, #2]" classname="FirstSpecification" time="0.001"/>
  <testcase name="distinct_bug_8726" classname="FirstSpecification" time="0.133"/>
  <system-out><![CDATA[]]></system-out>
  <system-err><![CDATA[]]></system-err>
</testsuite>
