<?xml version="1.0" encoding="UTF-8"?>
<testsuite name="ListSorterTest" tests="1" skipped="0" failures="0" errors="0" timestamp="2021-12-01T21:38:40" hostname="DESKTOP-JV0I9G3" time="0.006">
  <properties/>
  <testcase name="sort" classname="ListSorterTest" time="0.006"/>
  <system-out><![CDATA[]]></system-out>
  <system-err><![CDATA[]]></system-err>
</testsuite>
