<?xml version="1.0" encoding="UTF-8"?>
<testsuite name="ListFiltererSpecification" tests="2" skipped="0" failures="0" errors="0" timestamp="2021-12-01T21:38:40" hostname="DESKTOP-JV0I9G3" time="0.019">
  <properties/>
  <testcase name="filter pos" classname="ListFiltererSpecification" time="0.012"/>
  <testcase name="filter div" classname="ListFiltererSpecification" time="0.007"/>
  <system-out><![CDATA[]]></system-out>
  <system-err><![CDATA[]]></system-err>
</testsuite>
